2025-09-03 23:23:22,364 - youtube_analyzer_t865KSKdSDk - INFO - YouTube Analyzer initialized
2025-09-03 23:23:22,364 - youtube_analyzer_t865KSKdSDk - INFO - Starting analysis for video: t865KSKdSDk
2025-09-03 23:23:22,364 - youtube_analyzer_t865KSKdSDk - INFO - Attempting to authenticate with YouTube API
2025-09-03 23:23:22,367 - youtube_analyzer_t865KSKdSDk - INFO - Successfully authenticated with YouTube API
2025-09-03 23:23:22,367 - youtube_analyzer_t865KSKdSDk - INFO - Extracting up to 100 comments...
2025-09-03 23:23:22,367 - youtube_analyzer_t865KSKdSDk - INFO - Extracting and processing comments for AI ingestion...
2025-09-03 23:23:22,607 - youtube_analyzer_t865KSKdSDk - INFO - Retrieved 43 comments so far...
2025-09-03 23:23:22,609 - youtube_analyzer_t865KSKdSDk - INFO - Processed 43 AI-ready comments so far...
2025-09-03 23:23:22,609 - youtube_analyzer_t865KSKdSDk - INFO - ✅ Successfully processed 43 comments for AI analysis
2025-09-03 23:23:22,609 - youtube_analyzer_t865KSKdSDk - INFO - Extracted and processed 43 AI-ready comments
2025-09-03 23:23:22,611 - youtube_analyzer_t865KSKdSDk - INFO - AI-ready data exported to: data/exports/youtube_analysis_t865KSKdSDk_20250903_232322_ai_ready.json
2025-09-03 23:23:22,611 - youtube_analyzer_t865KSKdSDk - INFO - Results exported to: data/exports/youtube_analysis_t865KSKdSDk_20250903_232322_ai_ready.json
2025-09-03 23:23:22,611 - youtube_analyzer_t865KSKdSDk - INFO - Analysis completed successfully
2025-09-03 23:27:12,447 - youtube_analyzer_OzHvOB137k0 - INFO - YouTube Analyzer initialized
2025-09-03 23:27:12,447 - youtube_analyzer_OzHvOB137k0 - INFO - Starting analysis for video: OzHvOB137k0
2025-09-03 23:27:12,447 - youtube_analyzer_OzHvOB137k0 - INFO - Attempting to authenticate with YouTube API
2025-09-03 23:27:12,449 - youtube_analyzer_OzHvOB137k0 - INFO - Successfully authenticated with YouTube API
2025-09-03 23:27:12,449 - youtube_analyzer_OzHvOB137k0 - INFO - Extracting up to 100 comments...
2025-09-03 23:27:12,450 - youtube_analyzer_OzHvOB137k0 - INFO - Extracting and processing comments for AI ingestion...
2025-09-03 23:27:12,962 - youtube_analyzer_OzHvOB137k0 - INFO - Retrieved 100 comments so far...
2025-09-03 23:27:12,967 - youtube_analyzer_OzHvOB137k0 - INFO - Processed 97 AI-ready comments so far...
2025-09-03 23:27:13,525 - youtube_analyzer_OzHvOB137k0 - INFO - Retrieved 101 comments so far...
2025-09-03 23:27:13,528 - youtube_analyzer_OzHvOB137k0 - INFO - Processed 196 AI-ready comments so far...
2025-09-03 23:27:13,528 - youtube_analyzer_OzHvOB137k0 - INFO - ✅ Successfully processed 100 comments for AI analysis
2025-09-03 23:27:13,528 - youtube_analyzer_OzHvOB137k0 - INFO - Extracted and processed 100 AI-ready comments
2025-09-03 23:27:13,536 - youtube_analyzer_OzHvOB137k0 - INFO - AI-ready data exported to: data/exports/youtube_analysis_OzHvOB137k0_20250903_232713_ai_ready.json
2025-09-03 23:27:13,536 - youtube_analyzer_OzHvOB137k0 - INFO - Results exported to: data/exports/youtube_analysis_OzHvOB137k0_20250903_232713_ai_ready.json
2025-09-03 23:27:13,537 - youtube_analyzer_OzHvOB137k0 - INFO - Analysis completed successfully
2025-09-03 23:28:23,275 - youtube_analyzer_t865KSKdSDk - INFO - YouTube Analyzer initialized
2025-09-03 23:28:23,276 - youtube_analyzer_t865KSKdSDk - INFO - Starting analysis for video: t865KSKdSDk
2025-09-03 23:28:23,276 - youtube_analyzer_t865KSKdSDk - INFO - Attempting to authenticate with YouTube API
2025-09-03 23:28:23,278 - youtube_analyzer_t865KSKdSDk - INFO - Successfully authenticated with YouTube API
2025-09-03 23:28:23,278 - youtube_analyzer_t865KSKdSDk - INFO - Extracting up to 200 comments...
2025-09-03 23:28:23,278 - youtube_analyzer_t865KSKdSDk - INFO - Extracting and processing comments for AI ingestion...
2025-09-03 23:28:23,491 - youtube_analyzer_t865KSKdSDk - INFO - Retrieved 43 comments so far...
2025-09-03 23:28:23,492 - youtube_analyzer_t865KSKdSDk - INFO - Processed 43 AI-ready comments so far...
2025-09-03 23:28:23,492 - youtube_analyzer_t865KSKdSDk - INFO - ✅ Successfully processed 43 comments for AI analysis
2025-09-03 23:28:23,492 - youtube_analyzer_t865KSKdSDk - INFO - Extracted and processed 43 AI-ready comments
2025-09-03 23:28:23,494 - youtube_analyzer_t865KSKdSDk - INFO - AI-ready data exported to: data/exports/youtube_analysis_t865KSKdSDk_20250903_232823_ai_ready.json
2025-09-03 23:28:23,494 - youtube_analyzer_t865KSKdSDk - INFO - Results exported to: data/exports/youtube_analysis_t865KSKdSDk_20250903_232823_ai_ready.json
2025-09-03 23:28:23,494 - youtube_analyzer_t865KSKdSDk - INFO - Analysis completed successfully
2025-09-03 23:28:33,744 - youtube_analyzer_OzHvOB137k0 - INFO - YouTube Analyzer initialized
2025-09-03 23:28:33,744 - youtube_analyzer_OzHvOB137k0 - INFO - Starting analysis for video: OzHvOB137k0
2025-09-03 23:28:33,744 - youtube_analyzer_OzHvOB137k0 - INFO - Attempting to authenticate with YouTube API
2025-09-03 23:28:33,747 - youtube_analyzer_OzHvOB137k0 - INFO - Successfully authenticated with YouTube API
2025-09-03 23:28:33,747 - youtube_analyzer_OzHvOB137k0 - INFO - Extracting up to 2000 comments...
2025-09-03 23:28:33,747 - youtube_analyzer_OzHvOB137k0 - INFO - Extracting and processing comments for AI ingestion...
2025-09-03 23:28:34,228 - youtube_analyzer_OzHvOB137k0 - INFO - Retrieved 100 comments so far...
2025-09-03 23:28:34,231 - youtube_analyzer_OzHvOB137k0 - INFO - Processed 97 AI-ready comments so far...
2025-09-03 23:28:34,447 - youtube_analyzer_OzHvOB137k0 - INFO - Retrieved 101 comments so far...
2025-09-03 23:28:34,450 - youtube_analyzer_OzHvOB137k0 - INFO - Processed 196 AI-ready comments so far...
2025-09-03 23:28:34,933 - youtube_analyzer_OzHvOB137k0 - INFO - Retrieved 102 comments so far...
2025-09-03 23:28:34,937 - youtube_analyzer_OzHvOB137k0 - INFO - Processed 294 AI-ready comments so far...
2025-09-03 23:28:35,397 - youtube_analyzer_OzHvOB137k0 - INFO - Retrieved 106 comments so far...
2025-09-03 23:28:35,401 - youtube_analyzer_OzHvOB137k0 - INFO - Processed 397 AI-ready comments so far...
2025-09-03 23:28:35,802 - youtube_analyzer_OzHvOB137k0 - INFO - Retrieved 103 comments so far...
2025-09-03 23:28:35,803 - youtube_analyzer_OzHvOB137k0 - INFO - Processed 498 AI-ready comments so far...
2025-09-03 23:28:36,128 - youtube_analyzer_OzHvOB137k0 - INFO - Retrieved 101 comments so far...
2025-09-03 23:28:36,131 - youtube_analyzer_OzHvOB137k0 - INFO - Processed 597 AI-ready comments so far...
2025-09-03 23:28:36,531 - youtube_analyzer_OzHvOB137k0 - INFO - Retrieved 102 comments so far...
2025-09-03 23:28:36,534 - youtube_analyzer_OzHvOB137k0 - INFO - Processed 697 AI-ready comments so far...
2025-09-03 23:28:36,894 - youtube_analyzer_OzHvOB137k0 - INFO - Retrieved 109 comments so far...
2025-09-03 23:28:36,897 - youtube_analyzer_OzHvOB137k0 - INFO - Processed 803 AI-ready comments so far...
2025-09-03 23:28:37,186 - youtube_analyzer_OzHvOB137k0 - INFO - Retrieved 107 comments so far...
2025-09-03 23:28:37,190 - youtube_analyzer_OzHvOB137k0 - INFO - Processed 907 AI-ready comments so far...
2025-09-03 23:28:37,464 - youtube_analyzer_OzHvOB137k0 - INFO - Retrieved 100 comments so far...
2025-09-03 23:28:37,468 - youtube_analyzer_OzHvOB137k0 - INFO - Processed 1005 AI-ready comments so far...
2025-09-03 23:28:37,878 - youtube_analyzer_OzHvOB137k0 - INFO - Retrieved 102 comments so far...
2025-09-03 23:28:37,881 - youtube_analyzer_OzHvOB137k0 - INFO - Processed 1106 AI-ready comments so far...
2025-09-03 23:28:38,400 - youtube_analyzer_OzHvOB137k0 - INFO - Retrieved 104 comments so far...
2025-09-03 23:28:38,403 - youtube_analyzer_OzHvOB137k0 - INFO - Processed 1207 AI-ready comments so far...
2025-09-03 23:28:38,924 - youtube_analyzer_OzHvOB137k0 - INFO - Retrieved 107 comments so far...
2025-09-03 23:28:38,928 - youtube_analyzer_OzHvOB137k0 - INFO - Processed 1313 AI-ready comments so far...
2025-09-03 23:28:39,450 - youtube_analyzer_OzHvOB137k0 - INFO - Retrieved 110 comments so far...
2025-09-03 23:28:39,454 - youtube_analyzer_OzHvOB137k0 - INFO - Processed 1421 AI-ready comments so far...
2025-09-03 23:28:39,806 - youtube_analyzer_OzHvOB137k0 - INFO - Retrieved 118 comments so far...
2025-09-03 23:28:39,810 - youtube_analyzer_OzHvOB137k0 - INFO - Processed 1535 AI-ready comments so far...
2025-09-03 23:28:40,169 - youtube_analyzer_OzHvOB137k0 - INFO - Retrieved 126 comments so far...
2025-09-03 23:28:40,172 - youtube_analyzer_OzHvOB137k0 - INFO - Processed 1656 AI-ready comments so far...
2025-09-03 23:28:40,497 - youtube_analyzer_OzHvOB137k0 - INFO - Retrieved 98 comments so far...
2025-09-03 23:28:40,500 - youtube_analyzer_OzHvOB137k0 - INFO - Processed 1744 AI-ready comments so far...
2025-09-03 23:28:40,500 - youtube_analyzer_OzHvOB137k0 - INFO - ✅ Successfully processed 1744 comments for AI analysis
2025-09-03 23:28:40,500 - youtube_analyzer_OzHvOB137k0 - INFO - Extracted and processed 1744 AI-ready comments
2025-09-03 23:28:40,560 - youtube_analyzer_OzHvOB137k0 - INFO - AI-ready data exported to: data/exports/youtube_analysis_OzHvOB137k0_20250903_232840_ai_ready.json
2025-09-03 23:28:40,560 - youtube_analyzer_OzHvOB137k0 - INFO - Results exported to: data/exports/youtube_analysis_OzHvOB137k0_20250903_232840_ai_ready.json
2025-09-03 23:28:40,560 - youtube_analyzer_OzHvOB137k0 - INFO - Analysis completed successfully
